<?xml version="1.0" encoding="UTF-8"?>
<!-- Generated by org.testng.reporters.JUnitXMLReporter -->
<testsuite hostname="DESKTOP-0BGE448" ignored="0" name="AddPayeeValidTest" tests="5" failures="3" timestamp="02 Feb 2022 06:46:06 GMT" time="7.776" errors="0">
  <testcase name="login" time="1.98" classname="BankingTestCases1.AddPayeeDatadriven"/>
  <testcase name="addPayee" time="1.212" classname="BankingTestCases1.AddPayeeDatadriven"/>
  <testcase name="addPayee" time="0.992" classname="BankingTestCases1.AddPayeeDatadriven">
    <failure type="java.lang.AssertionError" message="expected [The new payee Payee1 was successfully created.] but found [The new payee Payee2 was successfully created.]">
      <![CDATA[java.lang.AssertionError: expected [The new payee Payee1 was successfully created.] but found [The new payee Payee2 was successfully created.]
	at BankingTestCases1.AddPayeeDatadriven.addPayee(AddPayeeDatadriven.java:83)
... Removed 35 stack frames]]>
    </failure>
  </testcase> <!-- addPayee -->
  <testcase name="addPayee" time="1.041" classname="BankingTestCases1.AddPayeeDatadriven">
    <failure type="java.lang.AssertionError" message="expected [The new payee Payee1 was successfully created.] but found [The new payee Payee3 was successfully created.]">
      <![CDATA[java.lang.AssertionError: expected [The new payee Payee1 was successfully created.] but found [The new payee Payee3 was successfully created.]
	at BankingTestCases1.AddPayeeDatadriven.addPayee(AddPayeeDatadriven.java:83)
... Removed 35 stack frames]]>
    </failure>
  </testcase> <!-- addPayee -->
  <testcase name="addPayee" time="0.961" classname="BankingTestCases1.AddPayeeDatadriven">
    <failure type="java.lang.AssertionError" message="expected [The new payee Payee1 was successfully created.] but found [The new payee Payee4 was successfully created.]">
      <![CDATA[java.lang.AssertionError: expected [The new payee Payee1 was successfully created.] but found [The new payee Payee4 was successfully created.]
	at BankingTestCases1.AddPayeeDatadriven.addPayee(AddPayeeDatadriven.java:83)
... Removed 35 stack frames]]>
    </failure>
  </testcase> <!-- addPayee -->
</testsuite> <!-- AddPayeeValidTest -->
