<?xml version="1.0" encoding="UTF-8"?>
<testng-results ignored="0" total="3" passed="3" failed="0" skipped="0">
  <reporter-output>
  </reporter-output>
  <suite started-at="2022-01-24T18:48:12Z" name="Default suite" finished-at="2022-01-24T18:48:33Z" duration-ms="20675">
    <groups>
    </groups>
    <test started-at="2022-01-24T18:48:12Z" name="Default test" finished-at="2022-01-24T18:48:33Z" duration-ms="20675">
      <class name="com.banking.testCases.extentReports">
        <test-method is-config="true" signature="setExtent()[pri:0, instance:com.banking.testCases.extentReports@15ca7889]" started-at="2022-01-24T18:48:12Z" name="setExtent" finished-at="2022-01-24T18:48:12Z" duration-ms="288" status="PASS">
          <reporter-output>
          </reporter-output>
        </test-method> <!-- setExtent -->
        <test-method is-config="true" signature="launchBrowser()[pri:0, instance:com.banking.testCases.extentReports@15ca7889]" started-at="2022-01-24T18:48:12Z" name="launchBrowser" finished-at="2022-01-24T18:48:18Z" duration-ms="5997" status="PASS">
          <reporter-output>
          </reporter-output>
        </test-method> <!-- launchBrowser -->
        <test-method signature="zeroBankingLoginTest()[pri:0, instance:com.banking.testCases.extentReports@15ca7889]" started-at="2022-01-24T18:48:18Z" name="zeroBankingLoginTest" finished-at="2022-01-24T18:48:18Z" duration-ms="14" status="PASS">
          <reporter-output>
          </reporter-output>
        </test-method> <!-- zeroBankingLoginTest -->
        <test-method is-config="true" signature="tearDown(org.testng.ITestResult)[pri:0, instance:com.banking.testCases.extentReports@15ca7889]" started-at="2022-01-24T18:48:18Z" name="tearDown" finished-at="2022-01-24T18:48:19Z" duration-ms="227" status="PASS">
          <params>
            <param index="0">
              <value>
                <![CDATA[[TestResult name=zeroBankingLoginTest status=SUCCESS method=extentReports.zeroBankingLoginTest()[pri:0, instance:com.banking.testCases.extentReports@15ca7889] output={null}]]]>
              </value>
            </param>
          </params>
          <reporter-output>
          </reporter-output>
        </test-method> <!-- tearDown -->
        <test-method is-config="true" signature="launchBrowser()[pri:0, instance:com.banking.testCases.extentReports@15ca7889]" started-at="2022-01-24T18:48:19Z" name="launchBrowser" finished-at="2022-01-24T18:48:25Z" duration-ms="6156" status="PASS">
          <reporter-output>
          </reporter-output>
        </test-method> <!-- launchBrowser -->
        <test-method signature="zeroBankingLogoTest()[pri:0, instance:com.banking.testCases.extentReports@15ca7889]" started-at="2022-01-24T18:48:25Z" name="zeroBankingLogoTest" finished-at="2022-01-24T18:48:25Z" duration-ms="80" status="PASS">
          <reporter-output>
          </reporter-output>
        </test-method> <!-- zeroBankingLogoTest -->
        <test-method is-config="true" signature="tearDown(org.testng.ITestResult)[pri:0, instance:com.banking.testCases.extentReports@15ca7889]" started-at="2022-01-24T18:48:25Z" name="tearDown" finished-at="2022-01-24T18:48:25Z" duration-ms="199" status="PASS">
          <params>
            <param index="0">
              <value>
                <![CDATA[[TestResult name=zeroBankingLogoTest status=SUCCESS method=extentReports.zeroBankingLogoTest()[pri:0, instance:com.banking.testCases.extentReports@15ca7889] output={null}]]]>
              </value>
            </param>
          </params>
          <reporter-output>
          </reporter-output>
        </test-method> <!-- tearDown -->
        <test-method is-config="true" signature="launchBrowser()[pri:0, instance:com.banking.testCases.extentReports@15ca7889]" started-at="2022-01-24T18:48:25Z" name="launchBrowser" finished-at="2022-01-24T18:48:32Z" duration-ms="7092" status="PASS">
          <reporter-output>
          </reporter-output>
        </test-method> <!-- launchBrowser -->
        <test-method signature="zeroBankingTitleTest()[pri:0, instance:com.banking.testCases.extentReports@15ca7889]" started-at="2022-01-24T18:48:32Z" name="zeroBankingTitleTest" finished-at="2022-01-24T18:48:32Z" duration-ms="10" status="PASS">
          <reporter-output>
          </reporter-output>
        </test-method> <!-- zeroBankingTitleTest -->
        <test-method is-config="true" signature="tearDown(org.testng.ITestResult)[pri:0, instance:com.banking.testCases.extentReports@15ca7889]" started-at="2022-01-24T18:48:32Z" name="tearDown" finished-at="2022-01-24T18:48:32Z" duration-ms="216" status="PASS">
          <params>
            <param index="0">
              <value>
                <![CDATA[[TestResult name=zeroBankingTitleTest status=SUCCESS method=extentReports.zeroBankingTitleTest()[pri:0, instance:com.banking.testCases.extentReports@15ca7889] output={null}]]]>
              </value>
            </param>
          </params>
          <reporter-output>
          </reporter-output>
        </test-method> <!-- tearDown -->
        <test-method is-config="true" signature="endReport()[pri:0, instance:com.banking.testCases.extentReports@15ca7889]" started-at="2022-01-24T18:48:32Z" name="endReport" finished-at="2022-01-24T18:48:33Z" duration-ms="363" status="PASS">
          <reporter-output>
          </reporter-output>
        </test-method> <!-- endReport -->
      </class> <!-- com.banking.testCases.extentReports -->
    </test> <!-- Default test -->
  </suite> <!-- Default suite -->
</testng-results>
