<?xml version="1.0" encoding="UTF-8"?>
<testng-results ignored="0" total="1" passed="1" failed="0" skipped="0">
  <reporter-output>
  </reporter-output>
  <suite started-at="2022-01-31T05:28:46Z" name="Default suite" finished-at="2022-01-31T05:29:05Z" duration-ms="19399">
    <groups>
    </groups>
    <test started-at="2022-01-31T05:28:46Z" name="Default test" finished-at="2022-01-31T05:29:05Z" duration-ms="19399">
      <class name="addPayee.VerifySuccessfulAdditionOfPayee2">
        <test-method signature="AddPayee()[pri:0, instance:addPayee.VerifySuccessfulAdditionOfPayee2@1a677343]" started-at="2022-01-31T05:28:46Z" name="AddPayee" finished-at="2022-01-31T05:29:05Z" duration-ms="19368" status="PASS">
          <reporter-output>
          </reporter-output>
        </test-method> <!-- AddPayee -->
      </class> <!-- addPayee.VerifySuccessfulAdditionOfPayee2 -->
    </test> <!-- Default test -->
  </suite> <!-- Default suite -->
</testng-results>
