-------------------------------------------------------------------------------
Test set: TestSuite
-------------------------------------------------------------------------------
Tests run: 1, Failures: 1, Errors: 0, Skipped: 0, Time elapsed: 15.09 s <<< FAILURE! - in TestSuite
YourStoreTestCases.RegisterTestCase.Register  Time elapsed: 4.718 s  <<< FAILURE!
java.lang.AssertionError: expected [Your Account Has Been Created!] but found [Register Account]
	at YourStoreTestCases.RegisterTestCase.Register(RegisterTestCase.java:47)

