<?xml version="1.0" encoding="UTF-8"?>
<!-- Generated by org.testng.reporters.JUnitXMLReporter -->
<testsuite hostname="DESKTOP-0BGE448" ignored="0" name="Register" tests="1" failures="1" timestamp="13 Feb 2022 02:58:00 GMT" time="2.274" errors="0">
  <testcase name="Register" time="2.014" classname="yourStoreTestCases.RegisterTestCase">
    <failure type="java.lang.AssertionError" message="expected [Your Account Has Been Created!] but found [Register Account]">
      <![CDATA[java.lang.AssertionError: expected [Your Account Has Been Created!] but found [Register Account]
	at yourStoreTestCases.RegisterTestCase.Register(RegisterTestCase.java:42)
... Removed 31 stack frames]]>
    </failure>
  </testcase> <!-- Register -->
</testsuite> <!-- Register -->
