<?xml version="1.0" encoding="UTF-8"?>
<!-- Generated by org.testng.reporters.JUnitXMLReporter -->
<testsuite hostname="DESKTOP-0BGE448" ignored="0" name="Register" tests="1" failures="1" timestamp="12 Feb 2022 21:48:31 GMT" time="4.112" errors="0">
  <testcase name="Register" time="3.892" classname="YourStoreTestCases.RegisterTestCase">
    <failure type="java.lang.AssertionError" message="expected [Your Account Has Been Created!] but found [Register Account]">
      <![CDATA[java.lang.AssertionError: expected [Your Account Has Been Created!] but found [Register Account]
	at YourStoreTestCases.RegisterTestCase.Register(RegisterTestCase.java:42)
... Removed 31 stack frames]]>
    </failure>
  </testcase> <!-- Register -->
</testsuite> <!-- Register -->
