<?xml version="1.0" encoding="UTF-8"?>
<!-- Generated by org.testng.reporters.JUnitXMLReporter -->
<testsuite ignored="0" hostname="DESKTOP-0BGE448" failures="3" tests="5" name="AddPayeeValidTest" time="7.85" errors="0" timestamp="02 Feb 2022 07:15:22 GMT">
  <testcase classname="BankingTestCases1.AddPayeeDatadriven" name="login" time="2.194"/>
  <testcase classname="BankingTestCases1.AddPayeeDatadriven" name="addPayee" time="1.225"/>
  <testcase classname="BankingTestCases1.AddPayeeDatadriven" name="addPayee" time="0.863">
    <failure type="java.lang.AssertionError" message="expected [The new payee Payee1 was successfully created.] but found [The new payee Payee2 was successfully created.]">
      <![CDATA[java.lang.AssertionError: expected [The new payee Payee1 was successfully created.] but found [The new payee Payee2 was successfully created.]
	at BankingTestCases1.AddPayeeDatadriven.addPayee(AddPayeeDatadriven.java:83)
... Removed 31 stack frames]]>
    </failure>
  </testcase> <!-- addPayee -->
  <testcase classname="BankingTestCases1.AddPayeeDatadriven" name="addPayee" time="0.954">
    <failure type="java.lang.AssertionError" message="expected [The new payee Payee1 was successfully created.] but found [The new payee Payee3 was successfully created.]">
      <![CDATA[java.lang.AssertionError: expected [The new payee Payee1 was successfully created.] but found [The new payee Payee3 was successfully created.]
	at BankingTestCases1.AddPayeeDatadriven.addPayee(AddPayeeDatadriven.java:83)
... Removed 31 stack frames]]>
    </failure>
  </testcase> <!-- addPayee -->
  <testcase classname="BankingTestCases1.AddPayeeDatadriven" name="addPayee" time="0.924">
    <failure type="java.lang.AssertionError" message="expected [The new payee Payee1 was successfully created.] but found [The new payee Payee4 was successfully created.]">
      <![CDATA[java.lang.AssertionError: expected [The new payee Payee1 was successfully created.] but found [The new payee Payee4 was successfully created.]
	at BankingTestCases1.AddPayeeDatadriven.addPayee(AddPayeeDatadriven.java:83)
... Removed 31 stack frames]]>
    </failure>
  </testcase> <!-- addPayee -->
</testsuite> <!-- AddPayeeValidTest -->
