<?xml version="1.0" encoding="UTF-8"?>
<!-- Generated by org.testng.reporters.JUnitXMLReporter -->
<testsuite hostname="DESKTOP-0BGE448" ignored="4" name="Test" tests="3" failures="1" timestamp="11 Feb 2022 06:41:51 GMT" time="6.21" errors="0">
  <testcase name="myAccount" time="0.624" classname="YourStoreTestCases.MyAccountTestCase"/>
  <testcase name="Register" time="2.927" classname="YourStoreTestCases.RegisterTestCase">
    <failure type="java.lang.AssertionError" message="expected [Your Account Has Been Created!] but found [Register Account]">
      <![CDATA[java.lang.AssertionError: expected [Your Account Has Been Created!] but found [Register Account]
	at YourStoreTestCases.RegisterTestCase.Register(RegisterTestCase.java:44)
... Removed 31 stack frames]]>
    </failure>
  </testcase> <!-- Register -->
  <testcase name="login" time="1.634" classname="YourStoreTestCases.LoginTest"/>
  <testcase name="@AfterSuite tearDown" time="0.0" classname="BankingBase.BaseClass">
    <ignored/>
  </testcase> <!-- @AfterSuite tearDown -->
  <testcase name="@AfterSuite tearDown" time="0.0" classname="BankingBase.BaseClass">
    <ignored/>
  </testcase> <!-- @AfterSuite tearDown -->
  <testcase name="@BeforeSuite init" time="0.0" classname="BankingBase.BaseClass">
    <ignored/>
  </testcase> <!-- @BeforeSuite init -->
  <testcase name="@BeforeSuite init" time="0.0" classname="BankingBase.BaseClass">
    <ignored/>
  </testcase> <!-- @BeforeSuite init -->
</testsuite> <!-- Test -->
