<?xml version="1.0" encoding="UTF-8"?>
<!-- Generated by org.testng.reporters.JUnitXMLReporter -->
<testsuite ignored="0" hostname="DESKTOP-0BGE448" failures="1" tests="1" name="Test2" time="3.251" errors="0" timestamp="07 Feb 2022 16:39:41 GMT">
  <testcase classname="YourStoreTestCases.RegisterTestCase" name="Register" time="2.748">
    <failure type="java.lang.AssertionError" message="expected [Your Account Has Been Created!] but found [Register Account]">
      <![CDATA[java.lang.AssertionError: expected [Your Account Has Been Created!] but found [Register Account]
	at YourStoreTestCases.RegisterTestCase.Register(RegisterTestCase.java:47)
... Removed 31 stack frames]]>
    </failure>
  </testcase> <!-- Register -->
</testsuite> <!-- Test2 -->
