<?xml version="1.0" encoding="UTF-8"?>
<testng-results skipped="0" failed="0" ignored="0" total="1" passed="1">
  <reporter-output>
  </reporter-output>
  <suite name="Suite" duration-ms="22590" started-at="2022-02-03T06:15:33Z" finished-at="2022-02-03T06:15:55Z">
    <groups>
    </groups>
    <test name="Test" duration-ms="22590" started-at="2022-02-03T06:15:33Z" finished-at="2022-02-03T06:15:55Z">
      <class name="TestNG.TC_001">
        <test-method status="PASS" signature="AddPayee()[pri:0, instance:TestNG.TC_001@5d3411d]" name="AddPayee" duration-ms="22550" started-at="2022-02-03T06:15:33Z" finished-at="2022-02-03T06:15:55Z">
          <reporter-output>
          </reporter-output>
        </test-method> <!-- AddPayee -->
      </class> <!-- TestNG.TC_001 -->
    </test> <!-- Test -->
  </suite> <!-- Suite -->
</testng-results>
