<?xml version="1.0" encoding="UTF-8"?>
<testng-results skipped="0" failed="0" ignored="0" total="1" passed="1">
  <reporter-output>
  </reporter-output>
  <suite name="Default suite" duration-ms="7241" started-at="2022-01-09T05:56:41Z" finished-at="2022-01-09T05:56:48Z">
    <groups>
    </groups>
    <test name="Default test" duration-ms="7241" started-at="2022-01-09T05:56:41Z" finished-at="2022-01-09T05:56:48Z">
      <class name="seleniumAdv3.ScreenCaptureWithDynamicFileName">
        <test-method status="PASS" signature="setUp()[pri:0, instance:seleniumAdv3.ScreenCaptureWithDynamicFileName@4b9e13df]" name="setUp" is-config="true" duration-ms="2791" started-at="2022-01-09T05:56:41Z" finished-at="2022-01-09T05:56:43Z">
          <reporter-output>
          </reporter-output>
        </test-method> <!-- setUp -->
        <test-method status="PASS" signature="testScreenshots()[pri:0, instance:seleniumAdv3.ScreenCaptureWithDynamicFileName@4b9e13df]" name="testScreenshots" duration-ms="3542" started-at="2022-01-09T05:56:43Z" finished-at="2022-01-09T05:56:47Z">
          <reporter-output>
          </reporter-output>
        </test-method> <!-- testScreenshots -->
        <test-method status="PASS" signature="tearDown()[pri:0, instance:seleniumAdv3.ScreenCaptureWithDynamicFileName@4b9e13df]" name="tearDown" is-config="true" duration-ms="868" started-at="2022-01-09T05:56:47Z" finished-at="2022-01-09T05:56:48Z">
          <reporter-output>
          </reporter-output>
        </test-method> <!-- tearDown -->
      </class> <!-- seleniumAdv3.ScreenCaptureWithDynamicFileName -->
    </test> <!-- Default test -->
  </suite> <!-- Default suite -->
</testng-results>
